0 verbose cli /Users/matthewsmith/.nvm/versions/node/v22.21.1/bin/node /Users/matthewsmith/.nvm/versions/node/v22.21.1/bin/npm
1 info using npm@10.9.4
2 info using node@v22.21.1
3 silly config load:file:/Users/matthewsmith/.nvm/versions/node/v22.21.1/lib/node_modules/npm/npmrc
4 silly config load:file:/Users/matthewsmith/Downloads/Demand-Validate-1/.npmrc
5 silly config load:file:/Users/matthewsmith/.npmrc
6 silly config load:file:/Users/matthewsmith/.nvm/versions/node/v22.21.1/etc/npmrc
7 verbose title npm install serverless-http
8 verbose argv "install" "serverless-http" "--cache" ".npm-cache"
9 verbose logfile logs-max:10 dir:/Users/matthewsmith/Downloads/Demand-Validate-1/.npm-cache/_logs/2026-01-22T21_54_49_386Z-
10 verbose logfile /Users/matthewsmith/Downloads/Demand-Validate-1/.npm-cache/_logs/2026-01-22T21_54_49_386Z-debug-0.log
11 silly logfile done cleaning log files
12 silly packumentCache heap:4345298944 maxSize:1086324736 maxEntrySize:543162368
13 silly idealTree buildDeps
14 silly fetch manifest serverless-http@*
15 silly packumentCache full:https://registry.npmjs.org/serverless-http cache-miss
16 verbose shrinkwrap failed to load node_modules/.package-lock.json out of date, updated: node_modules
17 http fetch GET 200 https://registry.npmjs.org/serverless-http 122ms (cache miss)
18 silly packumentCache full:https://registry.npmjs.org/serverless-http set size:undefined disposed:false
19 silly placeDep ROOT serverless-http@4.0.0 OK for: rest-express@1.0.0 want: *
20 silly reify moves {}
21 verbose reify failed optional dependency /Users/matthewsmith/Downloads/Demand-Validate-1/node_modules/@tailwindcss/oxide-wasm32-wasi
22 silly reify mark deleted [
22 silly reify   '/Users/matthewsmith/Downloads/Demand-Validate-1/node_modules/@tailwindcss/oxide-wasm32-wasi'
22 silly reify ]
23 silly audit bulk request {
23 silly audit   '@alloc/quick-lru': [ '5.2.0' ],
23 silly audit   '@babel/code-frame': [ '7.27.1' ],
23 silly audit   '@babel/compat-data': [ '7.28.4' ],
23 silly audit   '@babel/core': [ '7.28.4' ],
23 silly audit   '@babel/generator': [ '7.28.3' ],
23 silly audit   '@babel/helper-compilation-targets': [ '7.27.2' ],
23 silly audit   '@babel/helper-globals': [ '7.28.0' ],
23 silly audit   '@babel/helper-module-imports': [ '7.27.1' ],
23 silly audit   '@babel/helper-module-transforms': [ '7.28.3' ],
23 silly audit   '@babel/helper-plugin-utils': [ '7.27.1' ],
23 silly audit   '@babel/helper-string-parser': [ '7.27.1' ],
23 silly audit   '@babel/helper-validator-identifier': [ '7.27.1' ],
23 silly audit   '@babel/helper-validator-option': [ '7.27.1' ],
23 silly audit   '@babel/helpers': [ '7.28.4' ],
23 silly audit   '@babel/parser': [ '7.28.4' ],
23 silly audit   '@babel/plugin-transform-react-jsx-self': [ '7.27.1' ],
23 silly audit   '@babel/plugin-transform-react-jsx-source': [ '7.27.1' ],
23 silly audit   '@babel/runtime': [ '7.27.0' ],
23 silly audit   '@babel/template': [ '7.27.2' ],
23 silly audit   '@babel/traverse': [ '7.28.4' ],
23 silly audit   '@babel/types': [ '7.28.4' ],
23 silly audit   '@drizzle-team/brocli': [ '0.10.2' ],
23 silly audit   '@esbuild/aix-ppc64': [ '0.25.12', '0.27.2' ],
23 silly audit   '@esbuild/android-arm': [ '0.25.12', '0.27.2' ],
23 silly audit   '@esbuild/android-arm64': [ '0.25.12', '0.27.2' ],
23 silly audit   '@esbuild/android-x64': [ '0.25.12', '0.27.2' ],
23 silly audit   '@esbuild/darwin-arm64': [ '0.25.12', '0.27.2' ],
23 silly audit   '@esbuild/darwin-x64': [ '0.25.12', '0.27.2' ],
23 silly audit   '@esbuild/freebsd-arm64': [ '0.25.12', '0.27.2' ],
23 silly audit   '@esbuild/freebsd-x64': [ '0.25.12', '0.27.2' ],
23 silly audit   '@esbuild/linux-arm': [ '0.25.12', '0.27.2' ],
23 silly audit   '@esbuild/linux-arm64': [ '0.25.12', '0.27.2' ],
23 silly audit   '@esbuild/linux-ia32': [ '0.25.12', '0.27.2' ],
23 silly audit   '@esbuild/linux-loong64': [ '0.25.12', '0.27.2' ],
23 silly audit   '@esbuild/linux-mips64el': [ '0.25.12', '0.27.2' ],
23 silly audit   '@esbuild/linux-ppc64': [ '0.25.12', '0.27.2' ],
23 silly audit   '@esbuild/linux-riscv64': [ '0.25.12', '0.27.2' ],
23 silly audit   '@esbuild/linux-s390x': [ '0.25.12', '0.27.2' ],
23 silly audit   '@esbuild/linux-x64': [ '0.25.12', '0.27.2' ],
23 silly audit   '@esbuild/netbsd-arm64': [ '0.25.12', '0.27.2' ],
23 silly audit   '@esbuild/netbsd-x64': [ '0.25.12', '0.27.2' ],
23 silly audit   '@esbuild/openbsd-arm64': [ '0.25.12', '0.27.2' ],
23 silly audit   '@esbuild/openbsd-x64': [ '0.25.12', '0.27.2' ],
23 silly audit   '@esbuild/openharmony-arm64': [ '0.25.12', '0.27.2' ],
23 silly audit   '@esbuild/sunos-x64': [ '0.25.12', '0.27.2' ],
23 silly audit   '@esbuild/win32-arm64': [ '0.25.12', '0.27.2' ],
23 silly audit   '@esbuild/win32-ia32': [ '0.25.12', '0.27.2' ],
23 silly audit   '@esbuild/win32-x64': [ '0.25.12', '0.27.2' ],
23 silly audit   '@floating-ui/core': [ '1.6.9' ],
23 silly audit   '@floating-ui/dom': [ '1.6.13' ],
23 silly audit   '@floating-ui/react-dom': [ '2.1.2' ],
23 silly audit   '@floating-ui/utils': [ '0.2.9' ],
23 silly audit   '@hookform/resolvers': [ '3.10.0' ],
23 silly audit   '@isaacs/cliui': [ '8.0.2' ],
23 silly audit   '@jridgewell/gen-mapping': [ '0.3.13' ],
23 silly audit   '@jridgewell/remapping': [ '2.3.5' ],
23 silly audit   '@jridgewell/resolve-uri': [ '3.1.2' ],
23 silly audit   '@jridgewell/sourcemap-codec': [ '1.5.5' ],
23 silly audit   '@jridgewell/trace-mapping': [ '0.3.31' ],
23 silly audit   '@nodelib/fs.scandir': [ '2.1.5' ],
23 silly audit   '@nodelib/fs.stat': [ '2.0.5' ],
23 silly audit   '@nodelib/fs.walk': [ '1.2.8' ],
23 silly audit   '@pkgjs/parseargs': [ '0.11.0' ],
23 silly audit   '@radix-ui/number': [ '1.1.1' ],
23 silly audit   '@radix-ui/primitive': [ '1.1.2' ],
23 silly audit   '@radix-ui/react-accordion': [ '1.2.4' ],
23 silly audit   '@radix-ui/react-alert-dialog': [ '1.1.7' ],
23 silly audit   '@radix-ui/react-arrow': [ '1.1.3' ],
23 silly audit   '@radix-ui/react-aspect-ratio': [ '1.1.3' ],
23 silly audit   '@radix-ui/react-avatar': [ '1.1.4' ],
23 silly audit   '@radix-ui/react-checkbox': [ '1.1.5' ],
23 silly audit   '@radix-ui/react-collapsible': [ '1.1.4' ],
23 silly audit   '@radix-ui/react-collection': [ '1.1.3' ],
23 silly audit   '@radix-ui/react-compose-refs': [ '1.1.2' ],
23 silly audit   '@radix-ui/react-context': [ '1.1.2' ],
23 silly audit   '@radix-ui/react-context-menu': [ '2.2.7' ],
23 silly audit   '@radix-ui/react-dialog': [ '1.1.7' ],
23 silly audit   '@radix-ui/react-direction': [ '1.1.1' ],
23 silly audit   '@radix-ui/react-dismissable-layer': [ '1.1.6' ],
23 silly audit   '@radix-ui/react-dropdown-menu': [ '2.1.7' ],
23 silly audit   '@radix-ui/react-focus-guards': [ '1.1.2' ],
23 silly audit   '@radix-ui/react-focus-scope': [ '1.1.3' ],
23 silly audit   '@radix-ui/react-hover-card': [ '1.1.7' ],
23 silly audit   '@radix-ui/react-id': [ '1.1.1' ],
23 silly audit   '@radix-ui/react-label': [ '2.1.3' ],
23 silly audit   '@radix-ui/react-menu': [ '2.1.7' ],
23 silly audit   '@radix-ui/react-menubar': [ '1.1.7' ],
23 silly audit   '@radix-ui/react-navigation-menu': [ '1.2.6' ],
23 silly audit   '@radix-ui/react-popover': [ '1.1.7' ],
23 silly audit   '@radix-ui/react-popper': [ '1.2.3' ],
23 silly audit   '@radix-ui/react-portal': [ '1.1.5' ],
23 silly audit   '@radix-ui/react-presence': [ '1.1.3' ],
23 silly audit   '@radix-ui/react-primitive': [ '2.0.3' ],
23 silly audit   '@radix-ui/react-progress': [ '1.1.3' ],
23 silly audit   '@radix-ui/react-radio-group': [ '1.2.4' ],
23 silly audit   '@radix-ui/react-roving-focus': [ '1.1.3' ],
23 silly audit   '@radix-ui/react-scroll-area': [ '1.2.4' ],
23 silly audit   '@radix-ui/react-select': [ '2.1.7' ],
23 silly audit   '@radix-ui/react-separator': [ '1.1.3' ],
23 silly audit   '@radix-ui/react-slider': [ '1.2.4' ],
23 silly audit   '@radix-ui/react-slot': [ '1.2.0' ],
23 silly audit   '@radix-ui/react-switch': [ '1.1.4' ],
23 silly audit   '@radix-ui/react-tabs': [ '1.1.4' ],
23 silly audit   '@radix-ui/react-toast': [ '1.2.7' ],
23 silly audit   '@radix-ui/react-toggle': [ '1.1.3' ],
23 silly audit   '@radix-ui/react-toggle-group': [ '1.1.3' ],
23 silly audit   '@radix-ui/react-tooltip': [ '1.2.0' ],
23 silly audit   '@radix-ui/react-use-callback-ref': [ '1.1.1' ],
23 silly audit   '@radix-ui/react-use-controllable-state': [ '1.1.1' ],
23 silly audit   '@radix-ui/react-use-escape-keydown': [ '1.1.1' ],
23 silly audit   '@radix-ui/react-use-layout-effect': [ '1.1.1' ],
23 silly audit   '@radix-ui/react-use-previous': [ '1.1.1' ],
23 silly audit   '@radix-ui/react-use-rect': [ '1.1.1' ],
23 silly audit   '@radix-ui/react-use-size': [ '1.1.1' ],
23 silly audit   '@radix-ui/react-visually-hidden': [ '1.1.3' ],
23 silly audit   '@radix-ui/rect': [ '1.1.1' ],
23 silly audit   '@replit/vite-plugin-cartographer': [ '0.4.4' ],
23 silly audit   '@replit/vite-plugin-dev-banner': [ '0.1.1' ],
23 silly audit   '@replit/vite-plugin-runtime-error-modal': [ '0.0.3' ],
23 silly audit   '@rolldown/pluginutils': [ '1.0.0-beta.27' ],
23 silly audit   '@rollup/rollup-android-arm-eabi': [ '4.53.5' ],
23 silly audit   '@rollup/rollup-android-arm64': [ '4.53.5' ],
23 silly audit   '@rollup/rollup-darwin-arm64': [ '4.53.5' ],
23 silly audit   '@rollup/rollup-darwin-x64': [ '4.53.5' ],
23 silly audit   '@rollup/rollup-freebsd-arm64': [ '4.53.5' ],
23 silly audit   '@rollup/rollup-freebsd-x64': [ '4.53.5' ],
23 silly audit   '@rollup/rollup-linux-arm-gnueabihf': [ '4.53.5' ],
23 silly audit   '@rollup/rollup-linux-arm-musleabihf': [ '4.53.5' ],
23 silly audit   '@rollup/rollup-linux-arm64-gnu': [ '4.53.5' ],
23 silly audit   '@rollup/rollup-linux-arm64-musl': [ '4.53.5' ],
23 silly audit   '@rollup/rollup-linux-loong64-gnu': [ '4.53.5' ],
23 silly audit   '@rollup/rollup-linux-ppc64-gnu': [ '4.53.5' ],
23 silly audit   '@rollup/rollup-linux-riscv64-gnu': [ '4.53.5' ],
23 silly audit   '@rollup/rollup-linux-riscv64-musl': [ '4.53.5' ],
23 silly audit   '@rollup/rollup-linux-s390x-gnu': [ '4.53.5' ],
23 silly audit   '@rollup/rollup-linux-x64-gnu': [ '4.53.5' ],
23 silly audit   '@rollup/rollup-linux-x64-musl': [ '4.53.5' ],
23 silly audit   '@rollup/rollup-openharmony-arm64': [ '4.53.5' ],
23 silly audit   '@rollup/rollup-win32-arm64-msvc': [ '4.53.5' ],
23 silly audit   '@rollup/rollup-win32-ia32-msvc': [ '4.53.5' ],
23 silly audit   '@rollup/rollup-win32-x64-gnu': [ '4.53.5' ],
23 silly audit   '@rollup/rollup-win32-x64-msvc': [ '4.53.5' ],
23 silly audit   '@tailwindcss/node': [ '4.1.18' ],
23 silly audit   jiti: [ '2.6.1', '1.21.6' ],
23 silly audit   tailwindcss: [ '4.1.18', '3.4.17' ],
23 silly audit   '@tailwindcss/oxide': [ '4.1.18' ],
23 silly audit   '@tailwindcss/oxide-android-arm64': [ '4.1.18' ],
23 silly audit   '@tailwindcss/oxide-darwin-arm64': [ '4.1.18' ],
23 silly audit   '@tailwindcss/oxide-darwin-x64': [ '4.1.18' ],
23 silly audit   '@tailwindcss/oxide-freebsd-x64': [ '4.1.18' ],
23 silly audit   '@tailwindcss/oxide-linux-arm-gnueabihf': [ '4.1.18' ],
23 silly audit   '@tailwindcss/oxide-linux-arm64-gnu': [ '4.1.18' ],
23 silly audit   '@tailwindcss/oxide-linux-arm64-musl': [ '4.1.18' ],
23 silly audit   '@tailwindcss/oxide-linux-x64-gnu': [ '4.1.18' ],
23 silly audit   '@tailwindcss/oxide-linux-x64-musl': [ '4.1.18' ],
23 silly audit   '@tailwindcss/oxide-win32-arm64-msvc': [ '4.1.18' ],
23 silly audit   '@tailwindcss/oxide-win32-x64-msvc': [ '4.1.18' ],
23 silly audit   '@tailwindcss/typography': [ '0.5.15' ],
23 silly audit   'postcss-selector-parser': [ '6.0.10', '6.1.2' ],
23 silly audit   '@tailwindcss/vite': [ '4.1.18' ],
23 silly audit   '@tanstack/query-core': [ '5.60.5' ],
23 silly audit   '@tanstack/react-query': [ '5.60.5' ],
23 silly audit   '@types/babel__core': [ '7.20.5' ],
23 silly audit   '@types/babel__generator': [ '7.6.8' ],
23 silly audit   '@types/babel__template': [ '7.4.4' ],
23 silly audit   '@types/babel__traverse': [ '7.20.6' ],
23 silly audit   '@types/body-parser': [ '1.19.5' ],
23 silly audit   '@types/connect': [ '3.4.38' ],
23 silly audit   '@types/connect-pg-simple': [ '7.0.3' ],
23 silly audit   '@types/d3-array': [ '3.2.1' ],
23 silly audit   '@types/d3-color': [ '3.1.3' ],
23 silly audit   '@types/d3-ease': [ '3.0.2' ],
23 silly audit   '@types/d3-interpolate': [ '3.0.4' ],
23 silly audit   '@types/d3-path': [ '3.1.0' ],
23 silly audit   '@types/d3-scale': [ '4.0.8' ],
23 silly audit   '@types/d3-shape': [ '3.1.6' ],
23 silly audit   '@types/d3-time': [ '3.0.3' ],
23 silly audit   '@types/d3-timer': [ '3.0.2' ],
23 silly audit   '@types/estree': [ '1.0.8' ],
23 silly audit   '@types/express': [ '4.17.21' ],
23 silly audit   '@types/express-serve-static-core': [ '4.19.6' ],
23 silly audit   '@types/express-session': [ '1.18.0' ],
23 silly audit   '@types/http-errors': [ '2.0.4' ],
23 silly audit   '@types/mime': [ '1.3.5' ],
23 silly audit   '@types/node': [ '20.19.27' ],
23 silly audit   '@types/passport': [ '1.0.17' ],
23 silly audit   '@types/passport-local': [ '1.0.38' ],
23 silly audit   '@types/passport-strategy': [ '0.2.38' ],
23 silly audit   '@types/pg': [ '8.11.6' ],
23 silly audit   '@types/prop-types': [ '15.7.13' ],
23 silly audit   '@types/qs': [ '6.9.16' ],
23 silly audit   '@types/range-parser': [ '1.2.7' ],
23 silly audit   '@types/react': [ '18.3.12' ],
23 silly audit   '@types/react-dom': [ '18.3.1' ],
23 silly audit   '@types/send': [ '0.17.4' ],
23 silly audit   '@types/serve-static': [ '1.15.7' ],
23 silly audit   '@types/ws': [ '8.5.13' ],
23 silly audit   '@vitejs/plugin-react': [ '4.7.0' ],
23 silly audit   accepts: [ '1.3.8' ],
23 silly audit   'ansi-regex': [ '6.1.0', '5.0.1' ],
23 silly audit   'ansi-styles': [ '6.2.1', '4.3.0' ],
23 silly audit   'any-promise': [ '1.3.0' ],
23 silly audit   anymatch: [ '3.1.3' ],
23 silly audit   arg: [ '5.0.2' ],
23 silly audit   'aria-hidden': [ '1.2.4' ],
23 silly audit   'array-flatten': [ '1.1.1' ],
23 silly audit   autoprefixer: [ '10.4.20' ],
23 silly audit   'balanced-match': [ '1.0.2' ],
23 silly audit   'binary-extensions': [ '2.3.0' ],
23 silly audit   'body-parser': [ '1.20.3' ],
23 silly audit   debug: [ '2.6.9', '4.3.7' ],
23 silly audit   ms: [ '2.0.0', '2.1.3' ],
23 silly audit   'brace-expansion': [ '2.0.2' ],
23 silly audit   braces: [ '3.0.3' ],
23 silly audit   browserslist: [ '4.24.2' ],
23 silly audit   bufferutil: [ '4.0.8' ],
23 silly audit   bytes: [ '3.1.2' ],
23 silly audit   'call-bind': [ '1.0.7' ],
23 silly audit   'camelcase-css': [ '2.0.1' ],
23 silly audit   'caniuse-lite': [ '1.0.30001753' ],
23 silly audit   chokidar: [ '3.6.0' ],
23 silly audit   'glob-parent': [ '5.1.2', '6.0.2' ],
23 silly audit   'class-variance-authority': [ '0.7.1' ],
23 silly audit   clsx: [ '2.1.1' ],
23 silly audit   cmdk: [ '1.1.1' ],
23 silly audit   'color-convert': [ '2.0.1' ],
23 silly audit   'color-name': [ '1.1.4' ],
23 silly audit   commander: [ '4.1.1' ],
23 silly audit   'connect-pg-simple': [ '10.0.0' ],
23 silly audit   'content-disposition': [ '0.5.4' ],
23 silly audit   'content-type': [ '1.0.5' ],
23 silly audit   'convert-source-map': [ '2.0.0' ],
23 silly audit   cookie: [ '0.7.1', '0.7.2' ],
23 silly audit   'cookie-signature': [ '1.0.6', '1.0.7' ],
23 silly audit   'cross-spawn': [ '7.0.6' ],
23 silly audit   cssesc: [ '3.0.0' ],
23 silly audit   csstype: [ '3.1.3' ],
23 silly audit   'd3-array': [ '3.2.4' ],
23 silly audit   'd3-color': [ '3.1.0' ],
23 silly audit   'd3-ease': [ '3.0.1' ],
23 silly audit   'd3-format': [ '3.1.0' ],
23 silly audit   'd3-interpolate': [ '3.0.1' ],
23 silly audit   'd3-path': [ '3.1.0' ],
23 silly audit   'd3-scale': [ '4.0.2' ],
23 silly audit   'd3-shape': [ '3.2.0' ],
23 silly audit   'd3-time': [ '3.1.0' ],
23 silly audit   'd3-time-format': [ '4.1.0' ],
23 silly audit   'd3-timer': [ '3.0.1' ],
23 silly audit   'date-fns': [ '3.6.0' ],
23 silly audit   'decimal.js-light': [ '2.5.1' ],
23 silly audit   'define-data-property': [ '1.1.4' ],
23 silly audit   depd: [ '2.0.0' ],
23 silly audit   destroy: [ '1.2.0' ],
23 silly audit   'detect-libc': [ '2.0.3' ],
23 silly audit   'detect-node-es': [ '1.1.0' ],
23 silly audit   didyoumean: [ '1.2.2' ],
23 silly audit   dlv: [ '1.1.3' ],
23 silly audit   'dom-helpers': [ '5.2.1' ],
23 silly audit   'drizzle-kit': [ '0.31.8' ],
23 silly audit   tsx: [ '4.21.0', '4.20.5' ],
23 silly audit   esbuild: [ '0.27.2', '0.25.12' ],
23 silly audit   'drizzle-orm': [ '0.39.3' ],
23 silly audit   'drizzle-zod': [ '0.7.0' ],
23 silly audit   eastasianwidth: [ '0.2.0' ],
23 silly audit   'ee-first': [ '1.1.1' ],
23 silly audit   'electron-to-chromium': [ '1.5.51' ],
23 silly audit   'embla-carousel': [ '8.6.0' ],
23 silly audit   'embla-carousel-react': [ '8.6.0' ],
23 silly audit   'embla-carousel-reactive-utils': [ '8.6.0' ],
23 silly audit   'emoji-regex': [ '9.2.2', '8.0.0' ],
23 silly audit   encodeurl: [ '2.0.0', '1.0.2' ],
23 silly audit   'enhanced-resolve': [ '5.18.4' ],
23 silly audit   'es-define-property': [ '1.0.0' ],
23 silly audit   'es-errors': [ '1.3.0' ],
23 silly audit   'esbuild-register': [ '3.6.0' ],
23 silly audit   escalade: [ '3.2.0' ],
23 silly audit   'escape-html': [ '1.0.3' ],
23 silly audit   etag: [ '1.8.1' ],
23 silly audit   eventemitter3: [ '4.0.7' ],
23 silly audit   express: [ '4.21.2' ],
23 silly audit   'express-session': [ '1.18.2' ],
23 silly audit   'fast-equals': [ '5.2.2' ],
23 silly audit   'fast-glob': [ '3.3.2' ],
23 silly audit   fastq: [ '1.17.1' ],
23 silly audit   'fill-range': [ '7.1.1' ],
23 silly audit   finalhandler: [ '1.3.1' ],
23 silly audit   'foreground-child': [ '3.3.0' ],
23 silly audit   forwarded: [ '0.2.0' ],
23 silly audit   'fraction.js': [ '4.3.7' ],
23 silly audit   'framer-motion': [ '11.18.2' ],
23 silly audit   fresh: [ '0.5.2' ],
23 silly audit   fsevents: [ '2.3.3' ],
23 silly audit   'function-bind': [ '1.1.2' ],
23 silly audit   gensync: [ '1.0.0-beta.2' ],
23 silly audit   'get-intrinsic': [ '1.2.4' ],
23 silly audit   'get-nonce': [ '1.0.1' ],
23 silly audit   'get-tsconfig': [ '4.8.1' ],
23 silly audit   glob: [ '10.5.0' ],
23 silly audit   gopd: [ '1.0.1' ],
23 silly audit   'graceful-fs': [ '4.2.11' ],
23 silly audit   'has-property-descriptors': [ '1.0.2' ],
23 silly audit   'has-proto': [ '1.0.3' ],
23 silly audit   'has-symbols': [ '1.0.3' ],
23 silly audit   hasown: [ '2.0.2' ],
23 silly audit   'http-errors': [ '2.0.0' ],
23 silly audit   'iconv-lite': [ '0.4.24' ],
23 silly audit   inherits: [ '2.0.4' ],
23 silly audit   'input-otp': [ '1.4.2' ],
23 silly audit   internmap: [ '2.0.3' ],
23 silly audit   'ipaddr.js': [ '1.9.1' ],
23 silly audit   'is-binary-path': [ '2.1.0' ],
23 silly audit   'is-core-module': [ '2.15.1' ],
23 silly audit   'is-extglob': [ '2.1.1' ],
23 silly audit   'is-fullwidth-code-point': [ '3.0.0' ],
23 silly audit   'is-glob': [ '4.0.3' ],
23 silly audit   'is-number': [ '7.0.0' ],
23 silly audit   isexe: [ '2.0.0' ],
23 silly audit   jackspeak: [ '3.4.3' ],
23 silly audit   'js-tokens': [ '4.0.0' ],
23 silly audit   jsesc: [ '3.0.2' ],
23 silly audit   json5: [ '2.2.3' ],
23 silly audit   lightningcss: [ '1.30.2' ],
23 silly audit   'lightningcss-android-arm64': [ '1.30.2' ],
23 silly audit   'lightningcss-darwin-arm64': [ '1.30.2' ],
23 silly audit   'lightningcss-darwin-x64': [ '1.30.2' ],
23 silly audit   'lightningcss-freebsd-x64': [ '1.30.2' ],
23 silly audit   'lightningcss-linux-arm-gnueabihf': [ '1.30.2' ],
23 silly audit   'lightningcss-linux-arm64-gnu': [ '1.30.2' ],
23 silly audit   'lightningcss-linux-arm64-musl': [ '1.30.2' ],
23 silly audit   'lightningcss-linux-x64-gnu': [ '1.30.2' ],
23 silly audit   'lightningcss-linux-x64-musl': [ '1.30.2' ],
23 silly audit   'lightningcss-win32-arm64-msvc': [ '1.30.2' ],
23 silly audit   'lightningcss-win32-x64-msvc': [ '1.30.2' ],
23 silly audit   lilconfig: [ '3.1.3' ],
23 silly audit   'lines-and-columns': [ '1.2.4' ],
23 silly audit   lodash: [ '4.17.21' ],
23 silly audit   'lodash.castarray': [ '4.4.0' ],
23 silly audit   'lodash.isplainobject': [ '4.0.6' ],
23 silly audit   'lodash.merge': [ '4.6.2' ],
23 silly audit   'loose-envify': [ '1.4.0' ],
23 silly audit   'lru-cache': [ '5.1.1', '4.1.5', '10.4.3' ],
23 silly audit   'lucide-react': [ '0.453.0' ],
23 silly audit   'magic-string': [ '0.30.21' ],
23 silly audit   'media-typer': [ '0.3.0' ],
23 silly audit   memorystore: [ '1.6.7' ],
23 silly audit   yallist: [ '2.1.2', '3.1.1' ],
23 silly audit   'merge-descriptors': [ '1.0.3' ],
23 silly audit   merge2: [ '1.4.1' ],
23 silly audit   methods: [ '1.1.2' ],
23 silly audit   micromatch: [ '4.0.8' ],
23 silly audit   mime: [ '1.6.0' ],
23 silly audit   'mime-db': [ '1.52.0' ],
23 silly audit   'mime-types': [ '2.1.35' ],
23 silly audit   minimatch: [ '9.0.5' ],
23 silly audit   minipass: [ '7.1.2' ],
23 silly audit   mitt: [ '3.0.1' ],
23 silly audit   'modern-screenshot': [ '4.6.0' ],
23 silly audit   'motion-dom': [ '11.18.1' ],
23 silly audit   'motion-utils': [ '11.18.1' ],
23 silly audit   mz: [ '2.7.0' ],
23 silly audit   nanoid: [ '3.3.11' ],
23 silly audit   negotiator: [ '0.6.3' ],
23 silly audit   'next-themes': [ '0.4.6' ],
23 silly audit   'node-gyp-build': [ '4.8.3' ],
23 silly audit   'node-releases': [ '2.0.18' ],
23 silly audit   'normalize-path': [ '3.0.0' ],
23 silly audit   'normalize-range': [ '0.1.2' ],
23 silly audit   'object-assign': [ '4.1.1' ],
23 silly audit   'object-hash': [ '3.0.0' ],
23 silly audit   'object-inspect': [ '1.13.2' ],
23 silly audit   obuf: [ '1.1.2' ],
23 silly audit   'on-finished': [ '2.4.1' ],
23 silly audit   'on-headers': [ '1.1.0' ],
23 silly audit   'package-json-from-dist': [ '1.0.1' ],
23 silly audit   parseurl: [ '1.3.3' ],
23 silly audit   passport: [ '0.7.0' ],
23 silly audit   'passport-local': [ '1.0.0' ],
23 silly audit   'passport-strategy': [ '1.0.0' ],
23 silly audit   'path-key': [ '3.1.1' ],
23 silly audit   'path-parse': [ '1.0.7' ],
23 silly audit   'path-scurry': [ '1.11.1' ],
23 silly audit   'path-to-regexp': [ '0.1.12' ],
23 silly audit   pause: [ '0.0.1' ],
23 silly audit   pg: [ '8.16.3' ],
23 silly audit   'pg-cloudflare': [ '1.2.7' ],
23 silly audit   'pg-connection-string': [ '2.9.1' ],
23 silly audit   'pg-int8': [ '1.0.1' ],
23 silly audit   'pg-numeric': [ '1.0.2' ],
23 silly audit   'pg-pool': [ '3.10.1' ],
23 silly audit   'pg-protocol': [ '1.10.3' ],
23 silly audit   'pg-types': [ '4.0.2', '2.2.0' ],
23 silly audit   'postgres-array': [ '2.0.0', '3.0.2' ],
23 silly audit   'postgres-bytea': [ '1.0.0', '3.0.0' ],
23 silly audit   'postgres-date': [ '1.0.7', '2.1.0' ],
23 silly audit   'postgres-interval': [ '1.2.0', '3.0.0' ],
23 silly audit   pgpass: [ '1.0.5' ],
23 silly audit   picocolors: [ '1.1.1' ],
23 silly audit   picomatch: [ '2.3.1', '4.0.3' ],
23 silly audit   pify: [ '2.3.0' ],
23 silly audit   pirates: [ '4.0.6' ],
23 silly audit   postcss: [ '8.5.6' ],
23 silly audit   'postcss-import': [ '15.1.0' ],
23 silly audit   'postcss-js': [ '4.0.1' ],
23 silly audit   'postcss-load-config': [ '4.0.2' ],
23 silly audit   'postcss-nested': [ '6.2.0' ],
23 silly audit   'postcss-value-parser': [ '4.2.0' ],
23 silly audit   'postgres-range': [ '1.1.4' ],
23 silly audit   'prop-types': [ '15.8.1' ],
23 silly audit   'react-is': [ '16.13.1', '18.3.1' ],
23 silly audit   'proxy-addr': [ '2.0.7' ],
23 silly audit   pseudomap: [ '1.0.2' ],
23 silly audit   qs: [ '6.13.0' ],
23 silly audit   'queue-microtask': [ '1.2.3' ],
23 silly audit   'random-bytes': [ '1.0.0' ],
23 silly audit   'range-parser': [ '1.2.1' ],
23 silly audit   'raw-body': [ '2.5.2' ],
23 silly audit   react: [ '18.3.1' ],
23 silly audit   'react-day-picker': [ '8.10.1' ],
23 silly audit   'react-dom': [ '18.3.1' ],
23 silly audit   'react-hook-form': [ '7.55.0' ],
23 silly audit   'react-icons': [ '5.4.0' ],
23 silly audit   'react-refresh': [ '0.17.0' ],
23 silly audit   'react-remove-scroll': [ '2.6.3' ],
23 silly audit   'react-remove-scroll-bar': [ '2.3.8' ],
23 silly audit   'react-resizable-panels': [ '2.1.7' ],
23 silly audit   'react-smooth': [ '4.0.4' ],
23 silly audit   'react-style-singleton': [ '2.2.3' ],
23 silly audit   'react-transition-group': [ '4.4.5' ],
23 silly audit   'read-cache': [ '1.0.0' ],
23 silly audit   readdirp: [ '3.6.0' ],
23 silly audit   recharts: [ '2.15.4' ],
23 silly audit   'recharts-scale': [ '0.4.5' ],
23 silly audit   'regenerator-runtime': [ '0.14.1' ],
23 silly audit   regexparam: [ '3.0.0' ],
23 silly audit   resolve: [ '1.22.8' ],
23 silly audit   'resolve-pkg-maps': [ '1.0.0' ],
23 silly audit   reusify: [ '1.0.4' ],
23 silly audit   rollup: [ '4.53.5' ],
23 silly audit   'run-parallel': [ '1.2.0' ],
23 silly audit   'safe-buffer': [ '5.2.1' ],
23 silly audit   'safer-buffer': [ '2.1.2' ],
23 silly audit   scheduler: [ '0.23.2' ],
23 silly audit   semver: [ '6.3.1' ],
23 silly audit   send: [ '0.19.0' ],
23 silly audit   'serve-static': [ '1.16.2' ],
23 silly audit   'set-function-length': [ '1.2.2' ],
23 silly audit   setprototypeof: [ '1.2.0' ],
23 silly audit   'shebang-command': [ '2.0.0' ],
23 silly audit   'shebang-regex': [ '3.0.0' ],
23 silly audit   'side-channel': [ '1.0.6' ],
23 silly audit   'signal-exit': [ '4.1.0' ],
23 silly audit   'source-map-js': [ '1.2.1' ],
23 silly audit   split2: [ '4.2.0' ],
23 silly audit   statuses: [ '2.0.1' ],
23 silly audit   'string-width': [ '5.1.2', '4.2.3' ],
23 silly audit   'strip-ansi': [ '6.0.1', '7.1.0' ],
23 silly audit   sucrase: [ '3.35.0' ],
23 silly audit   'supports-preserve-symlinks-flag': [ '1.0.0' ],
23 silly audit   'tailwind-merge': [ '2.6.0' ],
23 silly audit   'tailwindcss-animate': [ '1.0.7' ],
23 silly audit   tapable: [ '2.3.0' ],
23 silly audit   thenify: [ '3.3.1' ],
23 silly audit   'thenify-all': [ '1.6.0' ],
23 silly audit   'tiny-invariant': [ '1.3.3' ],
23 silly audit   tinyglobby: [ '0.2.15' ],
23 silly audit   fdir: [ '6.5.0' ],
23 silly audit   'to-regex-range': [ '5.0.1' ],
23 silly audit   toidentifier: [ '1.0.1' ],
23 silly audit   'ts-interface-checker': [ '0.1.13' ],
23 silly audit   tslib: [ '2.8.1' ],
23 silly audit   'tw-animate-css': [ '1.2.5' ],
23 silly audit   'type-is': [ '1.6.18' ],
23 silly audit   typescript: [ '5.6.3' ],
23 silly audit   'uid-safe': [ '2.1.5' ],
23 silly audit   'undici-types': [ '6.21.0' ],
23 silly audit   unpipe: [ '1.0.0' ],
23 silly audit   'update-browserslist-db': [ '1.1.1' ],
23 silly audit   'use-callback-ref': [ '1.3.3' ],
23 silly audit   'use-sidecar': [ '1.1.3' ],
23 silly audit   'use-sync-external-store': [ '1.2.2' ],
23 silly audit   'util-deprecate': [ '1.0.2' ],
23 silly audit   'utils-merge': [ '1.0.1' ],
23 silly audit   vary: [ '1.1.2' ],
23 silly audit   vaul: [ '1.1.2' ],
23 silly audit   'victory-vendor': [ '36.9.2' ],
23 silly audit   vite: [ '7.3.0' ],
23 silly audit   which: [ '2.0.2' ],
23 silly audit   wouter: [ '3.3.5' ],
23 silly audit   'wrap-ansi': [ '8.1.0', '7.0.0' ],
23 silly audit   ws: [ '8.18.0' ],
23 silly audit   xtend: [ '4.0.2' ],
23 silly audit   yaml: [ '2.6.0' ],
23 silly audit   zod: [ '3.24.2' ],
23 silly audit   'zod-validation-error': [ '3.4.0' ],
23 silly audit   'serverless-http': [ '4.0.0' ],
23 silly audit   '@tailwindcss/oxide-wasm32-wasi': [ '4.1.18' ]
23 silly audit }
24 verbose reify failed optional dependency /Users/matthewsmith/Downloads/Demand-Validate-1/node_modules/lightningcss-win32-x64-msvc
25 silly reify mark deleted [
25 silly reify   '/Users/matthewsmith/Downloads/Demand-Validate-1/node_modules/lightningcss-win32-x64-msvc'
25 silly reify ]
26 verbose reify failed optional dependency /Users/matthewsmith/Downloads/Demand-Validate-1/node_modules/lightningcss-win32-arm64-msvc
27 silly reify mark deleted [
27 silly reify   '/Users/matthewsmith/Downloads/Demand-Validate-1/node_modules/lightningcss-win32-arm64-msvc'
27 silly reify ]
28 verbose reify failed optional dependency /Users/matthewsmith/Downloads/Demand-Validate-1/node_modules/lightningcss-linux-x64-musl
29 silly reify mark deleted [
29 silly reify   '/Users/matthewsmith/Downloads/Demand-Validate-1/node_modules/lightningcss-linux-x64-musl'
29 silly reify ]
30 verbose reify failed optional dependency /Users/matthewsmith/Downloads/Demand-Validate-1/node_modules/lightningcss-linux-x64-gnu
31 silly reify mark deleted [
31 silly reify   '/Users/matthewsmith/Downloads/Demand-Validate-1/node_modules/lightningcss-linux-x64-gnu'
31 silly reify ]
32 verbose reify failed optional dependency /Users/matthewsmith/Downloads/Demand-Validate-1/node_modules/lightningcss-linux-arm64-musl
33 silly reify mark deleted [
33 silly reify   '/Users/matthewsmith/Downloads/Demand-Validate-1/node_modules/lightningcss-linux-arm64-musl'
33 silly reify ]
34 verbose reify failed optional dependency /Users/matthewsmith/Downloads/Demand-Validate-1/node_modules/lightningcss-linux-arm64-gnu
35 silly reify mark deleted [
35 silly reify   '/Users/matthewsmith/Downloads/Demand-Validate-1/node_modules/lightningcss-linux-arm64-gnu'
35 silly reify ]
36 verbose reify failed optional dependency /Users/matthewsmith/Downloads/Demand-Validate-1/node_modules/lightningcss-linux-arm-gnueabihf
37 silly reify mark deleted [
37 silly reify   '/Users/matthewsmith/Downloads/Demand-Validate-1/node_modules/lightningcss-linux-arm-gnueabihf'
37 silly reify ]
38 verbose reify failed optional dependency /Users/matthewsmith/Downloads/Demand-Validate-1/node_modules/lightningcss-freebsd-x64
39 silly reify mark deleted [
39 silly reify   '/Users/matthewsmith/Downloads/Demand-Validate-1/node_modules/lightningcss-freebsd-x64'
39 silly reify ]
40 verbose reify failed optional dependency /Users/matthewsmith/Downloads/Demand-Validate-1/node_modules/lightningcss-darwin-x64
41 silly reify mark deleted [
41 silly reify   '/Users/matthewsmith/Downloads/Demand-Validate-1/node_modules/lightningcss-darwin-x64'
41 silly reify ]
42 verbose reify failed optional dependency /Users/matthewsmith/Downloads/Demand-Validate-1/node_modules/lightningcss-android-arm64
43 silly reify mark deleted [
43 silly reify   '/Users/matthewsmith/Downloads/Demand-Validate-1/node_modules/lightningcss-android-arm64'
43 silly reify ]
44 verbose reify failed optional dependency /Users/matthewsmith/Downloads/Demand-Validate-1/node_modules/@tailwindcss/oxide-win32-x64-msvc
45 silly reify mark deleted [
45 silly reify   '/Users/matthewsmith/Downloads/Demand-Validate-1/node_modules/@tailwindcss/oxide-win32-x64-msvc'
45 silly reify ]
46 verbose reify failed optional dependency /Users/matthewsmith/Downloads/Demand-Validate-1/node_modules/@tailwindcss/oxide-win32-arm64-msvc
47 silly reify mark deleted [
47 silly reify   '/Users/matthewsmith/Downloads/Demand-Validate-1/node_modules/@tailwindcss/oxide-win32-arm64-msvc'
47 silly reify ]
48 verbose reify failed optional dependency /Users/matthewsmith/Downloads/Demand-Validate-1/node_modules/@tailwindcss/oxide-linux-x64-musl
49 silly reify mark deleted [
49 silly reify   '/Users/matthewsmith/Downloads/Demand-Validate-1/node_modules/@tailwindcss/oxide-linux-x64-musl'
49 silly reify ]
50 verbose reify failed optional dependency /Users/matthewsmith/Downloads/Demand-Validate-1/node_modules/@tailwindcss/oxide-linux-x64-gnu
51 silly reify mark deleted [
51 silly reify   '/Users/matthewsmith/Downloads/Demand-Validate-1/node_modules/@tailwindcss/oxide-linux-x64-gnu'
51 silly reify ]
52 verbose reify failed optional dependency /Users/matthewsmith/Downloads/Demand-Validate-1/node_modules/@tailwindcss/oxide-linux-arm64-musl
53 silly reify mark deleted [
53 silly reify   '/Users/matthewsmith/Downloads/Demand-Validate-1/node_modules/@tailwindcss/oxide-linux-arm64-musl'
53 silly reify ]
54 verbose reify failed optional dependency /Users/matthewsmith/Downloads/Demand-Validate-1/node_modules/@tailwindcss/oxide-linux-arm64-gnu
55 silly reify mark deleted [
55 silly reify   '/Users/matthewsmith/Downloads/Demand-Validate-1/node_modules/@tailwindcss/oxide-linux-arm64-gnu'
55 silly reify ]
56 verbose reify failed optional dependency /Users/matthewsmith/Downloads/Demand-Validate-1/node_modules/@tailwindcss/oxide-linux-arm-gnueabihf
57 silly reify mark deleted [
57 silly reify   '/Users/matthewsmith/Downloads/Demand-Validate-1/node_modules/@tailwindcss/oxide-linux-arm-gnueabihf'
57 silly reify ]
58 verbose reify failed optional dependency /Users/matthewsmith/Downloads/Demand-Validate-1/node_modules/@tailwindcss/oxide-freebsd-x64
59 silly reify mark deleted [
59 silly reify   '/Users/matthewsmith/Downloads/Demand-Validate-1/node_modules/@tailwindcss/oxide-freebsd-x64'
59 silly reify ]
60 verbose reify failed optional dependency /Users/matthewsmith/Downloads/Demand-Validate-1/node_modules/@tailwindcss/oxide-darwin-x64
61 silly reify mark deleted [
61 silly reify   '/Users/matthewsmith/Downloads/Demand-Validate-1/node_modules/@tailwindcss/oxide-darwin-x64'
61 silly reify ]
62 verbose reify failed optional dependency /Users/matthewsmith/Downloads/Demand-Validate-1/node_modules/@tailwindcss/oxide-android-arm64
63 silly reify mark deleted [
63 silly reify   '/Users/matthewsmith/Downloads/Demand-Validate-1/node_modules/@tailwindcss/oxide-android-arm64'
63 silly reify ]
64 verbose reify failed optional dependency /Users/matthewsmith/Downloads/Demand-Validate-1/node_modules/@rollup/rollup-win32-x64-msvc
65 silly reify mark deleted [
65 silly reify   '/Users/matthewsmith/Downloads/Demand-Validate-1/node_modules/@rollup/rollup-win32-x64-msvc'
65 silly reify ]
66 verbose reify failed optional dependency /Users/matthewsmith/Downloads/Demand-Validate-1/node_modules/@rollup/rollup-win32-x64-gnu
67 silly reify mark deleted [
67 silly reify   '/Users/matthewsmith/Downloads/Demand-Validate-1/node_modules/@rollup/rollup-win32-x64-gnu'
67 silly reify ]
68 verbose reify failed optional dependency /Users/matthewsmith/Downloads/Demand-Validate-1/node_modules/@rollup/rollup-win32-ia32-msvc
69 silly reify mark deleted [
69 silly reify   '/Users/matthewsmith/Downloads/Demand-Validate-1/node_modules/@rollup/rollup-win32-ia32-msvc'
69 silly reify ]
70 verbose reify failed optional dependency /Users/matthewsmith/Downloads/Demand-Validate-1/node_modules/@rollup/rollup-win32-arm64-msvc
71 silly reify mark deleted [
71 silly reify   '/Users/matthewsmith/Downloads/Demand-Validate-1/node_modules/@rollup/rollup-win32-arm64-msvc'
71 silly reify ]
72 verbose reify failed optional dependency /Users/matthewsmith/Downloads/Demand-Validate-1/node_modules/@rollup/rollup-openharmony-arm64
73 silly reify mark deleted [
73 silly reify   '/Users/matthewsmith/Downloads/Demand-Validate-1/node_modules/@rollup/rollup-openharmony-arm64'
73 silly reify ]
74 verbose reify failed optional dependency /Users/matthewsmith/Downloads/Demand-Validate-1/node_modules/@rollup/rollup-linux-x64-musl
75 silly reify mark deleted [
75 silly reify   '/Users/matthewsmith/Downloads/Demand-Validate-1/node_modules/@rollup/rollup-linux-x64-musl'
75 silly reify ]
76 verbose reify failed optional dependency /Users/matthewsmith/Downloads/Demand-Validate-1/node_modules/@rollup/rollup-linux-x64-gnu
77 silly reify mark deleted [
77 silly reify   '/Users/matthewsmith/Downloads/Demand-Validate-1/node_modules/@rollup/rollup-linux-x64-gnu'
77 silly reify ]
78 verbose reify failed optional dependency /Users/matthewsmith/Downloads/Demand-Validate-1/node_modules/@rollup/rollup-linux-s390x-gnu
79 silly reify mark deleted [
79 silly reify   '/Users/matthewsmith/Downloads/Demand-Validate-1/node_modules/@rollup/rollup-linux-s390x-gnu'
79 silly reify ]
80 verbose reify failed optional dependency /Users/matthewsmith/Downloads/Demand-Validate-1/node_modules/@rollup/rollup-linux-riscv64-musl
81 silly reify mark deleted [
81 silly reify   '/Users/matthewsmith/Downloads/Demand-Validate-1/node_modules/@rollup/rollup-linux-riscv64-musl'
81 silly reify ]
82 verbose reify failed optional dependency /Users/matthewsmith/Downloads/Demand-Validate-1/node_modules/@rollup/rollup-linux-riscv64-gnu
83 silly reify mark deleted [
83 silly reify   '/Users/matthewsmith/Downloads/Demand-Validate-1/node_modules/@rollup/rollup-linux-riscv64-gnu'
83 silly reify ]
84 verbose reify failed optional dependency /Users/matthewsmith/Downloads/Demand-Validate-1/node_modules/@rollup/rollup-linux-ppc64-gnu
85 silly reify mark deleted [
85 silly reify   '/Users/matthewsmith/Downloads/Demand-Validate-1/node_modules/@rollup/rollup-linux-ppc64-gnu'
85 silly reify ]
86 verbose reify failed optional dependency /Users/matthewsmith/Downloads/Demand-Validate-1/node_modules/@rollup/rollup-linux-loong64-gnu
87 silly reify mark deleted [
87 silly reify   '/Users/matthewsmith/Downloads/Demand-Validate-1/node_modules/@rollup/rollup-linux-loong64-gnu'
87 silly reify ]
88 verbose reify failed optional dependency /Users/matthewsmith/Downloads/Demand-Validate-1/node_modules/@rollup/rollup-linux-arm64-musl
89 silly reify mark deleted [
89 silly reify   '/Users/matthewsmith/Downloads/Demand-Validate-1/node_modules/@rollup/rollup-linux-arm64-musl'
89 silly reify ]
90 verbose reify failed optional dependency /Users/matthewsmith/Downloads/Demand-Validate-1/node_modules/@rollup/rollup-linux-arm64-gnu
91 silly reify mark deleted [
91 silly reify   '/Users/matthewsmith/Downloads/Demand-Validate-1/node_modules/@rollup/rollup-linux-arm64-gnu'
91 silly reify ]
92 verbose reify failed optional dependency /Users/matthewsmith/Downloads/Demand-Validate-1/node_modules/@rollup/rollup-linux-arm-musleabihf
93 silly reify mark deleted [
93 silly reify   '/Users/matthewsmith/Downloads/Demand-Validate-1/node_modules/@rollup/rollup-linux-arm-musleabihf'
93 silly reify ]
94 verbose reify failed optional dependency /Users/matthewsmith/Downloads/Demand-Validate-1/node_modules/@rollup/rollup-linux-arm-gnueabihf
95 silly reify mark deleted [
95 silly reify   '/Users/matthewsmith/Downloads/Demand-Validate-1/node_modules/@rollup/rollup-linux-arm-gnueabihf'
95 silly reify ]
96 verbose reify failed optional dependency /Users/matthewsmith/Downloads/Demand-Validate-1/node_modules/@rollup/rollup-freebsd-x64
97 silly reify mark deleted [
97 silly reify   '/Users/matthewsmith/Downloads/Demand-Validate-1/node_modules/@rollup/rollup-freebsd-x64'
97 silly reify ]
98 verbose reify failed optional dependency /Users/matthewsmith/Downloads/Demand-Validate-1/node_modules/@rollup/rollup-freebsd-arm64
99 silly reify mark deleted [
99 silly reify   '/Users/matthewsmith/Downloads/Demand-Validate-1/node_modules/@rollup/rollup-freebsd-arm64'
99 silly reify ]
100 verbose reify failed optional dependency /Users/matthewsmith/Downloads/Demand-Validate-1/node_modules/@rollup/rollup-darwin-x64
101 silly reify mark deleted [
101 silly reify   '/Users/matthewsmith/Downloads/Demand-Validate-1/node_modules/@rollup/rollup-darwin-x64'
101 silly reify ]
102 verbose reify failed optional dependency /Users/matthewsmith/Downloads/Demand-Validate-1/node_modules/@rollup/rollup-android-arm64
103 silly reify mark deleted [
103 silly reify   '/Users/matthewsmith/Downloads/Demand-Validate-1/node_modules/@rollup/rollup-android-arm64'
103 silly reify ]
104 verbose reify failed optional dependency /Users/matthewsmith/Downloads/Demand-Validate-1/node_modules/@rollup/rollup-android-arm-eabi
105 silly reify mark deleted [
105 silly reify   '/Users/matthewsmith/Downloads/Demand-Validate-1/node_modules/@rollup/rollup-android-arm-eabi'
105 silly reify ]
106 verbose reify failed optional dependency /Users/matthewsmith/Downloads/Demand-Validate-1/node_modules/@esbuild/win32-x64
107 silly reify mark deleted [
107 silly reify   '/Users/matthewsmith/Downloads/Demand-Validate-1/node_modules/@esbuild/win32-x64'
107 silly reify ]
108 verbose reify failed optional dependency /Users/matthewsmith/Downloads/Demand-Validate-1/node_modules/@esbuild/win32-ia32
109 silly reify mark deleted [
109 silly reify   '/Users/matthewsmith/Downloads/Demand-Validate-1/node_modules/@esbuild/win32-ia32'
109 silly reify ]
110 verbose reify failed optional dependency /Users/matthewsmith/Downloads/Demand-Validate-1/node_modules/@esbuild/win32-arm64
111 silly reify mark deleted [
111 silly reify   '/Users/matthewsmith/Downloads/Demand-Validate-1/node_modules/@esbuild/win32-arm64'
111 silly reify ]
112 verbose reify failed optional dependency /Users/matthewsmith/Downloads/Demand-Validate-1/node_modules/@esbuild/sunos-x64
113 silly reify mark deleted [
113 silly reify   '/Users/matthewsmith/Downloads/Demand-Validate-1/node_modules/@esbuild/sunos-x64'
113 silly reify ]
114 verbose reify failed optional dependency /Users/matthewsmith/Downloads/Demand-Validate-1/node_modules/@esbuild/openharmony-arm64
115 silly reify mark deleted [
115 silly reify   '/Users/matthewsmith/Downloads/Demand-Validate-1/node_modules/@esbuild/openharmony-arm64'
115 silly reify ]
116 verbose reify failed optional dependency /Users/matthewsmith/Downloads/Demand-Validate-1/node_modules/@esbuild/openbsd-x64
117 silly reify mark deleted [
117 silly reify   '/Users/matthewsmith/Downloads/Demand-Validate-1/node_modules/@esbuild/openbsd-x64'
117 silly reify ]
118 verbose reify failed optional dependency /Users/matthewsmith/Downloads/Demand-Validate-1/node_modules/@esbuild/openbsd-arm64
119 silly reify mark deleted [
119 silly reify   '/Users/matthewsmith/Downloads/Demand-Validate-1/node_modules/@esbuild/openbsd-arm64'
119 silly reify ]
120 verbose reify failed optional dependency /Users/matthewsmith/Downloads/Demand-Validate-1/node_modules/@esbuild/netbsd-x64
121 silly reify mark deleted [
121 silly reify   '/Users/matthewsmith/Downloads/Demand-Validate-1/node_modules/@esbuild/netbsd-x64'
121 silly reify ]
122 verbose reify failed optional dependency /Users/matthewsmith/Downloads/Demand-Validate-1/node_modules/@esbuild/netbsd-arm64
123 silly reify mark deleted [
123 silly reify   '/Users/matthewsmith/Downloads/Demand-Validate-1/node_modules/@esbuild/netbsd-arm64'
123 silly reify ]
124 verbose reify failed optional dependency /Users/matthewsmith/Downloads/Demand-Validate-1/node_modules/@esbuild/linux-x64
125 silly reify mark deleted [
125 silly reify   '/Users/matthewsmith/Downloads/Demand-Validate-1/node_modules/@esbuild/linux-x64'
125 silly reify ]
126 verbose reify failed optional dependency /Users/matthewsmith/Downloads/Demand-Validate-1/node_modules/@esbuild/linux-s390x
127 silly reify mark deleted [
127 silly reify   '/Users/matthewsmith/Downloads/Demand-Validate-1/node_modules/@esbuild/linux-s390x'
127 silly reify ]
128 verbose reify failed optional dependency /Users/matthewsmith/Downloads/Demand-Validate-1/node_modules/@esbuild/linux-riscv64
129 silly reify mark deleted [
129 silly reify   '/Users/matthewsmith/Downloads/Demand-Validate-1/node_modules/@esbuild/linux-riscv64'
129 silly reify ]
130 verbose reify failed optional dependency /Users/matthewsmith/Downloads/Demand-Validate-1/node_modules/@esbuild/linux-ppc64
131 silly reify mark deleted [
131 silly reify   '/Users/matthewsmith/Downloads/Demand-Validate-1/node_modules/@esbuild/linux-ppc64'
131 silly reify ]
132 verbose reify failed optional dependency /Users/matthewsmith/Downloads/Demand-Validate-1/node_modules/@esbuild/linux-mips64el
133 silly reify mark deleted [
133 silly reify   '/Users/matthewsmith/Downloads/Demand-Validate-1/node_modules/@esbuild/linux-mips64el'
133 silly reify ]
134 verbose reify failed optional dependency /Users/matthewsmith/Downloads/Demand-Validate-1/node_modules/@esbuild/linux-loong64
135 silly reify mark deleted [
135 silly reify   '/Users/matthewsmith/Downloads/Demand-Validate-1/node_modules/@esbuild/linux-loong64'
135 silly reify ]
136 verbose reify failed optional dependency /Users/matthewsmith/Downloads/Demand-Validate-1/node_modules/@esbuild/linux-ia32
137 silly reify mark deleted [
137 silly reify   '/Users/matthewsmith/Downloads/Demand-Validate-1/node_modules/@esbuild/linux-ia32'
137 silly reify ]
138 verbose reify failed optional dependency /Users/matthewsmith/Downloads/Demand-Validate-1/node_modules/@esbuild/linux-arm64
139 silly reify mark deleted [
139 silly reify   '/Users/matthewsmith/Downloads/Demand-Validate-1/node_modules/@esbuild/linux-arm64'
139 silly reify ]
140 verbose reify failed optional dependency /Users/matthewsmith/Downloads/Demand-Validate-1/node_modules/@esbuild/linux-arm
141 silly reify mark deleted [
141 silly reify   '/Users/matthewsmith/Downloads/Demand-Validate-1/node_modules/@esbuild/linux-arm'
141 silly reify ]
142 verbose reify failed optional dependency /Users/matthewsmith/Downloads/Demand-Validate-1/node_modules/@esbuild/freebsd-x64
143 silly reify mark deleted [
143 silly reify   '/Users/matthewsmith/Downloads/Demand-Validate-1/node_modules/@esbuild/freebsd-x64'
143 silly reify ]
144 verbose reify failed optional dependency /Users/matthewsmith/Downloads/Demand-Validate-1/node_modules/@esbuild/freebsd-arm64
145 silly reify mark deleted [
145 silly reify   '/Users/matthewsmith/Downloads/Demand-Validate-1/node_modules/@esbuild/freebsd-arm64'
145 silly reify ]
146 verbose reify failed optional dependency /Users/matthewsmith/Downloads/Demand-Validate-1/node_modules/@esbuild/darwin-x64
147 silly reify mark deleted [
147 silly reify   '/Users/matthewsmith/Downloads/Demand-Validate-1/node_modules/@esbuild/darwin-x64'
147 silly reify ]
148 verbose reify failed optional dependency /Users/matthewsmith/Downloads/Demand-Validate-1/node_modules/@esbuild/android-x64
149 silly reify mark deleted [
149 silly reify   '/Users/matthewsmith/Downloads/Demand-Validate-1/node_modules/@esbuild/android-x64'
149 silly reify ]
150 verbose reify failed optional dependency /Users/matthewsmith/Downloads/Demand-Validate-1/node_modules/@esbuild/android-arm64
151 silly reify mark deleted [
151 silly reify   '/Users/matthewsmith/Downloads/Demand-Validate-1/node_modules/@esbuild/android-arm64'
151 silly reify ]
152 verbose reify failed optional dependency /Users/matthewsmith/Downloads/Demand-Validate-1/node_modules/@esbuild/android-arm
153 silly reify mark deleted [
153 silly reify   '/Users/matthewsmith/Downloads/Demand-Validate-1/node_modules/@esbuild/android-arm'
153 silly reify ]
154 verbose reify failed optional dependency /Users/matthewsmith/Downloads/Demand-Validate-1/node_modules/@esbuild/aix-ppc64
155 silly reify mark deleted [
155 silly reify   '/Users/matthewsmith/Downloads/Demand-Validate-1/node_modules/@esbuild/aix-ppc64'
155 silly reify ]
156 verbose reify failed optional dependency /Users/matthewsmith/Downloads/Demand-Validate-1/node_modules/vite/node_modules/@esbuild/win32-x64
157 silly reify mark deleted [
157 silly reify   '/Users/matthewsmith/Downloads/Demand-Validate-1/node_modules/vite/node_modules/@esbuild/win32-x64'
157 silly reify ]
158 verbose reify failed optional dependency /Users/matthewsmith/Downloads/Demand-Validate-1/node_modules/vite/node_modules/@esbuild/win32-ia32
159 silly reify mark deleted [
159 silly reify   '/Users/matthewsmith/Downloads/Demand-Validate-1/node_modules/vite/node_modules/@esbuild/win32-ia32'
159 silly reify ]
160 verbose reify failed optional dependency /Users/matthewsmith/Downloads/Demand-Validate-1/node_modules/vite/node_modules/@esbuild/win32-arm64
161 silly reify mark deleted [
161 silly reify   '/Users/matthewsmith/Downloads/Demand-Validate-1/node_modules/vite/node_modules/@esbuild/win32-arm64'
161 silly reify ]
162 verbose reify failed optional dependency /Users/matthewsmith/Downloads/Demand-Validate-1/node_modules/vite/node_modules/@esbuild/sunos-x64
163 silly reify mark deleted [
163 silly reify   '/Users/matthewsmith/Downloads/Demand-Validate-1/node_modules/vite/node_modules/@esbuild/sunos-x64'
163 silly reify ]
164 verbose reify failed optional dependency /Users/matthewsmith/Downloads/Demand-Validate-1/node_modules/vite/node_modules/@esbuild/openharmony-arm64
165 silly reify mark deleted [
165 silly reify   '/Users/matthewsmith/Downloads/Demand-Validate-1/node_modules/vite/node_modules/@esbuild/openharmony-arm64'
165 silly reify ]
166 verbose reify failed optional dependency /Users/matthewsmith/Downloads/Demand-Validate-1/node_modules/vite/node_modules/@esbuild/openbsd-x64
167 silly reify mark deleted [
167 silly reify   '/Users/matthewsmith/Downloads/Demand-Validate-1/node_modules/vite/node_modules/@esbuild/openbsd-x64'
167 silly reify ]
168 verbose reify failed optional dependency /Users/matthewsmith/Downloads/Demand-Validate-1/node_modules/vite/node_modules/@esbuild/openbsd-arm64
169 silly reify mark deleted [
169 silly reify   '/Users/matthewsmith/Downloads/Demand-Validate-1/node_modules/vite/node_modules/@esbuild/openbsd-arm64'
169 silly reify ]
170 verbose reify failed optional dependency /Users/matthewsmith/Downloads/Demand-Validate-1/node_modules/vite/node_modules/@esbuild/netbsd-x64
171 silly reify mark deleted [
171 silly reify   '/Users/matthewsmith/Downloads/Demand-Validate-1/node_modules/vite/node_modules/@esbuild/netbsd-x64'
171 silly reify ]
172 verbose reify failed optional dependency /Users/matthewsmith/Downloads/Demand-Validate-1/node_modules/vite/node_modules/@esbuild/netbsd-arm64
173 silly reify mark deleted [
173 silly reify   '/Users/matthewsmith/Downloads/Demand-Validate-1/node_modules/vite/node_modules/@esbuild/netbsd-arm64'
173 silly reify ]
174 verbose reify failed optional dependency /Users/matthewsmith/Downloads/Demand-Validate-1/node_modules/vite/node_modules/@esbuild/linux-x64
175 silly reify mark deleted [
175 silly reify   '/Users/matthewsmith/Downloads/Demand-Validate-1/node_modules/vite/node_modules/@esbuild/linux-x64'
175 silly reify ]
176 verbose reify failed optional dependency /Users/matthewsmith/Downloads/Demand-Validate-1/node_modules/vite/node_modules/@esbuild/linux-s390x
177 silly reify mark deleted [
177 silly reify   '/Users/matthewsmith/Downloads/Demand-Validate-1/node_modules/vite/node_modules/@esbuild/linux-s390x'
177 silly reify ]
178 verbose reify failed optional dependency /Users/matthewsmith/Downloads/Demand-Validate-1/node_modules/vite/node_modules/@esbuild/linux-riscv64
179 silly reify mark deleted [
179 silly reify   '/Users/matthewsmith/Downloads/Demand-Validate-1/node_modules/vite/node_modules/@esbuild/linux-riscv64'
179 silly reify ]
180 verbose reify failed optional dependency /Users/matthewsmith/Downloads/Demand-Validate-1/node_modules/vite/node_modules/@esbuild/linux-ppc64
181 silly reify mark deleted [
181 silly reify   '/Users/matthewsmith/Downloads/Demand-Validate-1/node_modules/vite/node_modules/@esbuild/linux-ppc64'
181 silly reify ]
182 verbose reify failed optional dependency /Users/matthewsmith/Downloads/Demand-Validate-1/node_modules/vite/node_modules/@esbuild/linux-mips64el
183 silly reify mark deleted [
183 silly reify   '/Users/matthewsmith/Downloads/Demand-Validate-1/node_modules/vite/node_modules/@esbuild/linux-mips64el'
183 silly reify ]
184 verbose reify failed optional dependency /Users/matthewsmith/Downloads/Demand-Validate-1/node_modules/vite/node_modules/@esbuild/linux-loong64
185 silly reify mark deleted [
185 silly reify   '/Users/matthewsmith/Downloads/Demand-Validate-1/node_modules/vite/node_modules/@esbuild/linux-loong64'
185 silly reify ]
186 verbose reify failed optional dependency /Users/matthewsmith/Downloads/Demand-Validate-1/node_modules/vite/node_modules/@esbuild/linux-ia32
187 silly reify mark deleted [
187 silly reify   '/Users/matthewsmith/Downloads/Demand-Validate-1/node_modules/vite/node_modules/@esbuild/linux-ia32'
187 silly reify ]
188 verbose reify failed optional dependency /Users/matthewsmith/Downloads/Demand-Validate-1/node_modules/vite/node_modules/@esbuild/linux-arm64
189 silly reify mark deleted [
189 silly reify   '/Users/matthewsmith/Downloads/Demand-Validate-1/node_modules/vite/node_modules/@esbuild/linux-arm64'
189 silly reify ]
190 verbose reify failed optional dependency /Users/matthewsmith/Downloads/Demand-Validate-1/node_modules/vite/node_modules/@esbuild/linux-arm
191 silly reify mark deleted [
191 silly reify   '/Users/matthewsmith/Downloads/Demand-Validate-1/node_modules/vite/node_modules/@esbuild/linux-arm'
191 silly reify ]
192 verbose reify failed optional dependency /Users/matthewsmith/Downloads/Demand-Validate-1/node_modules/vite/node_modules/@esbuild/freebsd-x64
193 silly reify mark deleted [
193 silly reify   '/Users/matthewsmith/Downloads/Demand-Validate-1/node_modules/vite/node_modules/@esbuild/freebsd-x64'
193 silly reify ]
194 verbose reify failed optional dependency /Users/matthewsmith/Downloads/Demand-Validate-1/node_modules/vite/node_modules/@esbuild/freebsd-arm64
195 silly reify mark deleted [
195 silly reify   '/Users/matthewsmith/Downloads/Demand-Validate-1/node_modules/vite/node_modules/@esbuild/freebsd-arm64'
195 silly reify ]
196 verbose reify failed optional dependency /Users/matthewsmith/Downloads/Demand-Validate-1/node_modules/vite/node_modules/@esbuild/darwin-x64
197 silly reify mark deleted [
197 silly reify   '/Users/matthewsmith/Downloads/Demand-Validate-1/node_modules/vite/node_modules/@esbuild/darwin-x64'
197 silly reify ]
198 verbose reify failed optional dependency /Users/matthewsmith/Downloads/Demand-Validate-1/node_modules/vite/node_modules/@esbuild/android-x64
199 silly reify mark deleted [
199 silly reify   '/Users/matthewsmith/Downloads/Demand-Validate-1/node_modules/vite/node_modules/@esbuild/android-x64'
199 silly reify ]
200 verbose reify failed optional dependency /Users/matthewsmith/Downloads/Demand-Validate-1/node_modules/vite/node_modules/@esbuild/android-arm64
201 silly reify mark deleted [
201 silly reify   '/Users/matthewsmith/Downloads/Demand-Validate-1/node_modules/vite/node_modules/@esbuild/android-arm64'
201 silly reify ]
202 verbose reify failed optional dependency /Users/matthewsmith/Downloads/Demand-Validate-1/node_modules/vite/node_modules/@esbuild/android-arm
203 silly reify mark deleted [
203 silly reify   '/Users/matthewsmith/Downloads/Demand-Validate-1/node_modules/vite/node_modules/@esbuild/android-arm'
203 silly reify ]
204 verbose reify failed optional dependency /Users/matthewsmith/Downloads/Demand-Validate-1/node_modules/vite/node_modules/@esbuild/aix-ppc64
205 silly reify mark deleted [
205 silly reify   '/Users/matthewsmith/Downloads/Demand-Validate-1/node_modules/vite/node_modules/@esbuild/aix-ppc64'
205 silly reify ]
206 verbose reify failed optional dependency /Users/matthewsmith/Downloads/Demand-Validate-1/node_modules/drizzle-kit/node_modules/@esbuild/win32-x64
207 silly reify mark deleted [
207 silly reify   '/Users/matthewsmith/Downloads/Demand-Validate-1/node_modules/drizzle-kit/node_modules/@esbuild/win32-x64'
207 silly reify ]
208 verbose reify failed optional dependency /Users/matthewsmith/Downloads/Demand-Validate-1/node_modules/drizzle-kit/node_modules/@esbuild/win32-ia32
209 silly reify mark deleted [
209 silly reify   '/Users/matthewsmith/Downloads/Demand-Validate-1/node_modules/drizzle-kit/node_modules/@esbuild/win32-ia32'
209 silly reify ]
210 verbose reify failed optional dependency /Users/matthewsmith/Downloads/Demand-Validate-1/node_modules/drizzle-kit/node_modules/@esbuild/win32-arm64
211 silly reify mark deleted [
211 silly reify   '/Users/matthewsmith/Downloads/Demand-Validate-1/node_modules/drizzle-kit/node_modules/@esbuild/win32-arm64'
211 silly reify ]
212 verbose reify failed optional dependency /Users/matthewsmith/Downloads/Demand-Validate-1/node_modules/drizzle-kit/node_modules/@esbuild/sunos-x64
213 silly reify mark deleted [
213 silly reify   '/Users/matthewsmith/Downloads/Demand-Validate-1/node_modules/drizzle-kit/node_modules/@esbuild/sunos-x64'
213 silly reify ]
214 verbose reify failed optional dependency /Users/matthewsmith/Downloads/Demand-Validate-1/node_modules/drizzle-kit/node_modules/@esbuild/openharmony-arm64
215 silly reify mark deleted [
215 silly reify   '/Users/matthewsmith/Downloads/Demand-Validate-1/node_modules/drizzle-kit/node_modules/@esbuild/openharmony-arm64'
215 silly reify ]
216 verbose reify failed optional dependency /Users/matthewsmith/Downloads/Demand-Validate-1/node_modules/drizzle-kit/node_modules/@esbuild/openbsd-x64
217 silly reify mark deleted [
217 silly reify   '/Users/matthewsmith/Downloads/Demand-Validate-1/node_modules/drizzle-kit/node_modules/@esbuild/openbsd-x64'
217 silly reify ]
218 verbose reify failed optional dependency /Users/matthewsmith/Downloads/Demand-Validate-1/node_modules/drizzle-kit/node_modules/@esbuild/openbsd-arm64
219 silly reify mark deleted [
219 silly reify   '/Users/matthewsmith/Downloads/Demand-Validate-1/node_modules/drizzle-kit/node_modules/@esbuild/openbsd-arm64'
219 silly reify ]
220 verbose reify failed optional dependency /Users/matthewsmith/Downloads/Demand-Validate-1/node_modules/drizzle-kit/node_modules/@esbuild/netbsd-x64
221 silly reify mark deleted [
221 silly reify   '/Users/matthewsmith/Downloads/Demand-Validate-1/node_modules/drizzle-kit/node_modules/@esbuild/netbsd-x64'
221 silly reify ]
222 verbose reify failed optional dependency /Users/matthewsmith/Downloads/Demand-Validate-1/node_modules/drizzle-kit/node_modules/@esbuild/netbsd-arm64
223 silly reify mark deleted [
223 silly reify   '/Users/matthewsmith/Downloads/Demand-Validate-1/node_modules/drizzle-kit/node_modules/@esbuild/netbsd-arm64'
223 silly reify ]
224 verbose reify failed optional dependency /Users/matthewsmith/Downloads/Demand-Validate-1/node_modules/drizzle-kit/node_modules/@esbuild/linux-x64
225 silly reify mark deleted [
225 silly reify   '/Users/matthewsmith/Downloads/Demand-Validate-1/node_modules/drizzle-kit/node_modules/@esbuild/linux-x64'
225 silly reify ]
226 verbose reify failed optional dependency /Users/matthewsmith/Downloads/Demand-Validate-1/node_modules/drizzle-kit/node_modules/@esbuild/linux-s390x
227 silly reify mark deleted [
227 silly reify   '/Users/matthewsmith/Downloads/Demand-Validate-1/node_modules/drizzle-kit/node_modules/@esbuild/linux-s390x'
227 silly reify ]
228 verbose reify failed optional dependency /Users/matthewsmith/Downloads/Demand-Validate-1/node_modules/drizzle-kit/node_modules/@esbuild/linux-riscv64
229 silly reify mark deleted [
229 silly reify   '/Users/matthewsmith/Downloads/Demand-Validate-1/node_modules/drizzle-kit/node_modules/@esbuild/linux-riscv64'
229 silly reify ]
230 verbose reify failed optional dependency /Users/matthewsmith/Downloads/Demand-Validate-1/node_modules/drizzle-kit/node_modules/@esbuild/linux-ppc64
231 silly reify mark deleted [
231 silly reify   '/Users/matthewsmith/Downloads/Demand-Validate-1/node_modules/drizzle-kit/node_modules/@esbuild/linux-ppc64'
231 silly reify ]
232 verbose reify failed optional dependency /Users/matthewsmith/Downloads/Demand-Validate-1/node_modules/drizzle-kit/node_modules/@esbuild/linux-mips64el
233 silly reify mark deleted [
233 silly reify   '/Users/matthewsmith/Downloads/Demand-Validate-1/node_modules/drizzle-kit/node_modules/@esbuild/linux-mips64el'
233 silly reify ]
234 verbose reify failed optional dependency /Users/matthewsmith/Downloads/Demand-Validate-1/node_modules/drizzle-kit/node_modules/@esbuild/linux-loong64
235 silly reify mark deleted [
235 silly reify   '/Users/matthewsmith/Downloads/Demand-Validate-1/node_modules/drizzle-kit/node_modules/@esbuild/linux-loong64'
235 silly reify ]
236 verbose reify failed optional dependency /Users/matthewsmith/Downloads/Demand-Validate-1/node_modules/drizzle-kit/node_modules/@esbuild/linux-ia32
237 silly reify mark deleted [
237 silly reify   '/Users/matthewsmith/Downloads/Demand-Validate-1/node_modules/drizzle-kit/node_modules/@esbuild/linux-ia32'
237 silly reify ]
238 verbose reify failed optional dependency /Users/matthewsmith/Downloads/Demand-Validate-1/node_modules/drizzle-kit/node_modules/@esbuild/linux-arm64
239 silly reify mark deleted [
239 silly reify   '/Users/matthewsmith/Downloads/Demand-Validate-1/node_modules/drizzle-kit/node_modules/@esbuild/linux-arm64'
239 silly reify ]
240 verbose reify failed optional dependency /Users/matthewsmith/Downloads/Demand-Validate-1/node_modules/drizzle-kit/node_modules/@esbuild/linux-arm
241 silly reify mark deleted [
241 silly reify   '/Users/matthewsmith/Downloads/Demand-Validate-1/node_modules/drizzle-kit/node_modules/@esbuild/linux-arm'
241 silly reify ]
242 verbose reify failed optional dependency /Users/matthewsmith/Downloads/Demand-Validate-1/node_modules/drizzle-kit/node_modules/@esbuild/freebsd-x64
243 silly reify mark deleted [
243 silly reify   '/Users/matthewsmith/Downloads/Demand-Validate-1/node_modules/drizzle-kit/node_modules/@esbuild/freebsd-x64'
243 silly reify ]
244 verbose reify failed optional dependency /Users/matthewsmith/Downloads/Demand-Validate-1/node_modules/drizzle-kit/node_modules/@esbuild/freebsd-arm64
245 silly reify mark deleted [
245 silly reify   '/Users/matthewsmith/Downloads/Demand-Validate-1/node_modules/drizzle-kit/node_modules/@esbuild/freebsd-arm64'
245 silly reify ]
246 verbose reify failed optional dependency /Users/matthewsmith/Downloads/Demand-Validate-1/node_modules/drizzle-kit/node_modules/@esbuild/darwin-x64
247 silly reify mark deleted [
247 silly reify   '/Users/matthewsmith/Downloads/Demand-Validate-1/node_modules/drizzle-kit/node_modules/@esbuild/darwin-x64'
247 silly reify ]
248 verbose reify failed optional dependency /Users/matthewsmith/Downloads/Demand-Validate-1/node_modules/drizzle-kit/node_modules/@esbuild/android-x64
249 silly reify mark deleted [
249 silly reify   '/Users/matthewsmith/Downloads/Demand-Validate-1/node_modules/drizzle-kit/node_modules/@esbuild/android-x64'
249 silly reify ]
250 verbose reify failed optional dependency /Users/matthewsmith/Downloads/Demand-Validate-1/node_modules/drizzle-kit/node_modules/@esbuild/android-arm64
251 silly reify mark deleted [
251 silly reify   '/Users/matthewsmith/Downloads/Demand-Validate-1/node_modules/drizzle-kit/node_modules/@esbuild/android-arm64'
251 silly reify ]
252 verbose reify failed optional dependency /Users/matthewsmith/Downloads/Demand-Validate-1/node_modules/drizzle-kit/node_modules/@esbuild/android-arm
253 silly reify mark deleted [
253 silly reify   '/Users/matthewsmith/Downloads/Demand-Validate-1/node_modules/drizzle-kit/node_modules/@esbuild/android-arm'
253 silly reify ]
254 verbose reify failed optional dependency /Users/matthewsmith/Downloads/Demand-Validate-1/node_modules/drizzle-kit/node_modules/@esbuild/aix-ppc64
255 silly reify mark deleted [
255 silly reify   '/Users/matthewsmith/Downloads/Demand-Validate-1/node_modules/drizzle-kit/node_modules/@esbuild/aix-ppc64'
255 silly reify ]
256 http cache serverless-http@https://registry.npmjs.org/serverless-http/-/serverless-http-4.0.0.tgz 0ms (cache hit)
257 silly tarball no local data for serverless-http@https://registry.npmjs.org/serverless-http/-/serverless-http-4.0.0.tgz. Extracting by manifest.
258 http fetch GET 200 https://registry.npmjs.org/serverless-http/-/serverless-http-4.0.0.tgz 99ms (cache miss)
259 http fetch POST 200 https://registry.npmjs.org/-/npm/v1/security/advisories/bulk 211ms
260 silly audit report {
260 silly audit report   lodash: [
260 silly audit report     {
260 silly audit report       id: 1112455,
260 silly audit report       url: 'https://github.com/advisories/GHSA-xxjr-mmjv-4gpg',
260 silly audit report       title: 'Lodash has Prototype Pollution Vulnerability in `_.unset` and `_.omit` functions',
260 silly audit report       severity: 'moderate',
260 silly audit report       vulnerable_versions: '>=4.0.0 <=4.17.22',
260 silly audit report       cwe: [Array],
260 silly audit report       cvss: [Object]
260 silly audit report     }
260 silly audit report   ],
260 silly audit report   qs: [
260 silly audit report     {
260 silly audit report       id: 1111755,
260 silly audit report       url: 'https://github.com/advisories/GHSA-6rw7-vpxm-498p',
260 silly audit report       title: "qs's arrayLimit bypass in its bracket notation allows DoS via memory exhaustion",
260 silly audit report       severity: 'high',
260 silly audit report       vulnerable_versions: '<6.14.1',
260 silly audit report       cwe: [Array],
260 silly audit report       cvss: [Object]
260 silly audit report     }
260 silly audit report   ]
260 silly audit report }
261 silly packumentCache corgi:https://registry.npmjs.org/lodash cache-miss
262 silly packumentCache corgi:https://registry.npmjs.org/qs cache-miss
263 http fetch GET 200 https://registry.npmjs.org/lodash 36ms (cache revalidated)
264 silly packumentCache corgi:https://registry.npmjs.org/lodash set size:68481 disposed:false
265 http fetch GET 200 https://registry.npmjs.org/qs 39ms (cache revalidated)
266 silly packumentCache corgi:https://registry.npmjs.org/qs set size:111251 disposed:false
267 silly packumentCache corgi:https://registry.npmjs.org/recharts cache-miss
268 http fetch GET 200 https://registry.npmjs.org/recharts 34ms (cache revalidated)
269 silly packumentCache corgi:https://registry.npmjs.org/recharts set size:777667 disposed:false
270 silly packumentCache corgi:https://registry.npmjs.org/body-parser cache-miss
271 silly packumentCache corgi:https://registry.npmjs.org/express cache-miss
272 http fetch GET 200 https://registry.npmjs.org/express 34ms (cache revalidated)
273 silly packumentCache corgi:https://registry.npmjs.org/express set size:337735 disposed:false
274 http fetch GET 200 https://registry.npmjs.org/body-parser 36ms (cache revalidated)
275 silly packumentCache corgi:https://registry.npmjs.org/body-parser set size:77795 disposed:false
276 silly ADD node_modules/serverless-http
277 silly ADD
278 silly ADD
279 silly ADD
280 silly ADD
281 silly ADD
282 silly ADD
283 silly ADD
284 silly ADD
285 silly ADD
286 silly ADD
287 silly ADD
288 silly ADD
289 silly ADD
290 silly ADD
291 silly ADD
292 silly ADD
293 silly ADD
294 silly ADD
295 silly ADD
296 silly ADD
297 silly ADD
298 silly ADD
299 silly ADD
300 silly ADD
301 silly ADD
302 silly ADD
303 silly ADD
304 silly ADD
305 silly ADD
306 silly ADD
307 silly ADD
308 silly ADD
309 silly ADD
310 silly ADD
311 silly ADD
312 silly ADD
313 silly ADD
314 silly ADD
315 silly ADD
316 silly ADD
317 silly ADD
318 silly ADD
319 silly ADD
320 silly ADD
321 silly ADD
322 silly ADD
323 silly ADD
324 silly ADD
325 silly ADD
326 silly ADD
327 silly ADD
328 silly ADD
329 silly ADD
330 silly ADD
331 silly ADD
332 silly ADD
333 silly ADD
334 silly ADD
335 silly ADD
336 silly ADD
337 silly ADD
338 silly ADD
339 silly ADD
340 silly ADD
341 silly ADD
342 silly ADD
343 silly ADD
344 silly ADD
345 silly ADD
346 silly ADD
347 silly ADD
348 silly ADD
349 silly ADD
350 silly ADD
351 silly ADD
352 silly ADD
353 silly ADD
354 silly ADD
355 silly ADD
356 silly ADD
357 silly ADD
358 silly ADD
359 silly ADD
360 silly ADD
361 silly ADD
362 silly ADD
363 silly ADD
364 silly ADD
365 silly ADD
366 silly ADD
367 silly ADD
368 silly ADD
369 silly ADD
370 silly ADD
371 silly ADD
372 silly ADD
373 silly ADD
374 silly ADD
375 silly ADD
376 silly ADD
377 silly ADD
378 silly ADD
379 silly ADD
380 silly ADD
381 silly ADD
382 silly ADD
383 silly ADD
384 silly ADD
385 silly ADD
386 silly ADD
387 silly ADD
388 silly ADD
389 silly ADD
390 silly ADD
391 silly ADD
392 silly ADD
393 silly ADD
394 verbose cwd /Users/matthewsmith/Downloads/Demand-Validate-1
395 verbose os Darwin 25.0.0
396 verbose node v22.21.1
397 verbose npm  v10.9.4
398 verbose exit 0
399 info ok
